<?xml version="1.0" encoding="UTF-8"?>
<testsuite xmlns:xsi="http://www.w3.org/2001/XMLSchema-instance" xsi:noNamespaceSchemaLocation="https://maven.apache.org/surefire/maven-surefire-plugin/xsd/surefire-test-report-3.0.xsd" version="3.0" name="com.example.demo.EventSystemIntegrationTest" time="0.168" tests="4" errors="0" skipped="0" failures="0">
  <properties>
[...]
</properties>
  <testcase name="shouldMaintainSingletonBehavior" classname="com.example.demo.EventSystemIntegrationTest" time="0.031">
    <system-err><![CDATA[Sep 27, 2025 5:10:14 PM io.avaje.inject.spi.DBeanScope start
INFO: Wired beans in 16ms
Sep 27, 2025 5:10:14 PM io.avaje.inject.spi.DBeanScope start
INFO: Wired beans in 1ms
]]></system-err>
  </testcase>
  <testcase name="shouldHandleEventFlow" classname="com.example.demo.EventSystemIntegrationTest" time="0.009">
    <system-out><![CDATA[Received event: DemoEvent{message='Integration test message', timestamp=1758993014662}
]]></system-out>
    <system-err><![CDATA[Sep 27, 2025 5:10:14 PM io.avaje.inject.spi.DBeanScope start
INFO: Wired beans in 1ms
]]></system-err>
  </testcase>
  <testcase name="shouldHandleMultipleEvents" classname="com.example.demo.EventSystemIntegrationTest" time="0.004">
    <system-out><![CDATA[Received event: DemoEvent{message='Event 1', timestamp=1758993014673}
Received event: DemoEvent{message='Event 2', timestamp=1758993014673}
Received event: DemoEvent{message='Event 3', timestamp=1758993014673}
]]></system-out>
    <system-err><![CDATA[Sep 27, 2025 5:10:14 PM io.avaje.inject.spi.DBeanScope start
INFO: Wired beans in 2ms
]]></system-err>
  </testcase>
  <testcase name="shouldInjectDependenciesCorrectly" classname="com.example.demo.EventSystemIntegrationTest" time="0.003">
    <system-err><![CDATA[Sep 27, 2025 5:10:14 PM io.avaje.inject.spi.DBeanScope start
INFO: Wired beans in 1ms
]]></system-err>
  </testcase>
</testsuite>